2018-11-12T11:16:54.944917Z 0 [Warning] Insecure configuration for --secure-file-priv: Current value does not restrict location of generated files. Consider setting it to a valid, non-empty path.
2018-11-12T11:16:54.946131Z 0 [ERROR] Cannot open Windows EventLog; check privileges, or start server with --log_syslog=0
2018-11-12T11:16:54.946131Z 0 [Note] C:\laragon\bin\mysql\mysql-5.7.19-winx64\bin\mysqld (mysqld 5.7.19) starting as process 12572 ...
2018-11-13T09:55:00.207109Z 0 [Warning] Insecure configuration for --secure-file-priv: Current value does not restrict location of generated files. Consider setting it to a valid, non-empty path.
2018-11-13T09:55:00.269669Z 0 [ERROR] Cannot open Windows EventLog; check privileges, or start server with --log_syslog=0
2018-11-13T09:55:00.269669Z 0 [Note] C:\laragon\bin\mysql\mysql-5.7.19-winx64\bin\mysqld (mysqld 5.7.19) starting as process 13172 ...
2018-11-14T09:47:13.823472Z 0 [Warning] Insecure configuration for --secure-file-priv: Current value does not restrict location of generated files. Consider setting it to a valid, non-empty path.
2018-11-14T09:47:13.870405Z 0 [ERROR] Cannot open Windows EventLog; check privileges, or start server with --log_syslog=0
2018-11-14T09:47:13.870405Z 0 [Note] C:\laragon\bin\mysql\mysql-5.7.19-winx64\bin\mysqld (mysqld 5.7.19) starting as process 6828 ...
2018-11-14T09:56:29.717232Z 0 [Warning] Insecure configuration for --secure-file-priv: Current value does not restrict location of generated files. Consider setting it to a valid, non-empty path.
2018-11-14T09:56:29.732859Z 0 [ERROR] Cannot open Windows EventLog; check privileges, or start server with --log_syslog=0
2018-11-14T09:56:29.732859Z 0 [Note] C:\laragon\bin\mysql\mysql-5.7.19-winx64\bin\mysqld (mysqld 5.7.19) starting as process 5068 ...
2018-11-19T10:07:36.461931Z 0 [Warning] Insecure configuration for --secure-file-priv: Current value does not restrict location of generated files. Consider setting it to a valid, non-empty path.
2018-11-19T10:07:36.493182Z 0 [ERROR] Cannot open Windows EventLog; check privileges, or start server with --log_syslog=0
2018-11-19T10:07:36.493182Z 0 [Note] C:\laragon\bin\mysql\mysql-5.7.19-winx64\bin\mysqld (mysqld 5.7.19) starting as process 12424 ...
2018-11-20T09:51:37.876459Z 0 [Warning] Insecure configuration for --secure-file-priv: Current value does not restrict location of generated files. Consider setting it to a valid, non-empty path.
2018-11-20T09:51:37.876459Z 0 [ERROR] Cannot open Windows EventLog; check privileges, or start server with --log_syslog=0
2018-11-20T09:51:37.876459Z 0 [Note] C:\laragon\bin\mysql\mysql-5.7.19-winx64\bin\mysqld (mysqld 5.7.19) starting as process 3816 ...
2018-11-21T09:53:38.098210Z 0 [Warning] Insecure configuration for --secure-file-priv: Current value does not restrict location of generated files. Consider setting it to a valid, non-empty path.
2018-11-21T09:53:38.301340Z 0 [ERROR] Cannot open Windows EventLog; check privileges, or start server with --log_syslog=0
2018-11-21T09:53:38.301340Z 0 [Note] C:\laragon\bin\mysql\mysql-5.7.19-winx64\bin\mysqld (mysqld 5.7.19) starting as process 3240 ...
2018-11-22T09:52:36.382463Z 0 [Warning] Insecure configuration for --secure-file-priv: Current value does not restrict location of generated files. Consider setting it to a valid, non-empty path.
2018-11-22T09:52:36.444966Z 0 [ERROR] Cannot open Windows EventLog; check privileges, or start server with --log_syslog=0
2018-11-22T09:52:36.444966Z 0 [Note] C:\laragon\bin\mysql\mysql-5.7.19-winx64\bin\mysqld (mysqld 5.7.19) starting as process 10404 ...
2018-11-23T09:55:21.635305Z 0 [Warning] Insecure configuration for --secure-file-priv: Current value does not restrict location of generated files. Consider setting it to a valid, non-empty path.
2018-11-23T09:55:21.666504Z 0 [ERROR] Cannot open Windows EventLog; check privileges, or start server with --log_syslog=0
2018-11-23T09:55:21.666504Z 0 [Note] C:\laragon\bin\mysql\mysql-5.7.19-winx64\bin\mysqld (mysqld 5.7.19) starting as process 3652 ...
2018-11-26T09:52:35.554830Z 0 [Warning] Insecure configuration for --secure-file-priv: Current value does not restrict location of generated files. Consider setting it to a valid, non-empty path.
2018-11-26T09:52:35.586078Z 0 [ERROR] Cannot open Windows EventLog; check privileges, or start server with --log_syslog=0
2018-11-26T09:52:35.586078Z 0 [Note] C:\laragon\bin\mysql\mysql-5.7.19-winx64\bin\mysqld (mysqld 5.7.19) starting as process 928 ...
2018-11-26T10:28:03.858651Z 0 [Warning] Insecure configuration for --secure-file-priv: Current value does not restrict location of generated files. Consider setting it to a valid, non-empty path.
2018-11-26T10:28:03.858651Z 0 [ERROR] Cannot open Windows EventLog; check privileges, or start server with --log_syslog=0
2018-11-26T10:28:03.858651Z 0 [Note] C:\laragon\bin\mysql\mysql-5.7.19-winx64\bin\mysqld (mysqld 5.7.19) starting as process 9796 ...
2018-11-27T09:53:18.434556Z 0 [Warning] Insecure configuration for --secure-file-priv: Current value does not restrict location of generated files. Consider setting it to a valid, non-empty path.
2018-11-27T09:53:18.481437Z 0 [ERROR] Cannot open Windows EventLog; check privileges, or start server with --log_syslog=0
2018-11-27T09:53:18.481437Z 0 [Note] C:\laragon\bin\mysql\mysql-5.7.19-winx64\bin\mysqld (mysqld 5.7.19) starting as process 16380 ...
2018-11-28T09:51:20.253128Z 0 [Warning] Insecure configuration for --secure-file-priv: Current value does not restrict location of generated files. Consider setting it to a valid, non-empty path.
2018-11-28T09:51:20.300038Z 0 [ERROR] Cannot open Windows EventLog; check privileges, or start server with --log_syslog=0
2018-11-28T09:51:20.300038Z 0 [Note] C:\laragon\bin\mysql\mysql-5.7.19-winx64\bin\mysqld (mysqld 5.7.19) starting as process 3196 ...
2018-11-29T09:59:42.860686Z 0 [Warning] Insecure configuration for --secure-file-priv: Current value does not restrict location of generated files. Consider setting it to a valid, non-empty path.
2018-11-29T09:59:43.064058Z 0 [ERROR] Cannot open Windows EventLog; check privileges, or start server with --log_syslog=0
2018-11-29T09:59:43.064058Z 0 [Note] C:\laragon\bin\mysql\mysql-5.7.19-winx64\bin\mysqld (mysqld 5.7.19) starting as process 14152 ...
2018-11-30T09:42:27.100015Z 0 [Warning] Insecure configuration for --secure-file-priv: Current value does not restrict location of generated files. Consider setting it to a valid, non-empty path.
2018-11-30T09:42:27.115635Z 0 [ERROR] Cannot open Windows EventLog; check privileges, or start server with --log_syslog=0
2018-11-30T09:42:27.115635Z 0 [Note] C:\laragon\bin\mysql\mysql-5.7.19-winx64\bin\mysqld (mysqld 5.7.19) starting as process 4088 ...
2018-12-03T10:05:07.553867Z 0 [Warning] Insecure configuration for --secure-file-priv: Current value does not restrict location of generated files. Consider setting it to a valid, non-empty path.
2018-12-03T10:05:07.600784Z 0 [ERROR] Cannot open Windows EventLog; check privileges, or start server with --log_syslog=0
2018-12-03T10:05:07.600784Z 0 [Note] C:\laragon\bin\mysql\mysql-5.7.19-winx64\bin\mysqld (mysqld 5.7.19) starting as process 6772 ...
2018-12-04T10:02:28.704644Z 0 [Warning] Insecure configuration for --secure-file-priv: Current value does not restrict location of generated files. Consider setting it to a valid, non-empty path.
2018-12-04T10:02:28.704644Z 0 [ERROR] Cannot open Windows EventLog; check privileges, or start server with --log_syslog=0
2018-12-04T10:02:28.704644Z 0 [Note] C:\laragon\bin\mysql\mysql-5.7.19-winx64\bin\mysqld (mysqld 5.7.19) starting as process 8652 ...
2018-12-05T09:53:28.916013Z 0 [Warning] Insecure configuration for --secure-file-priv: Current value does not restrict location of generated files. Consider setting it to a valid, non-empty path.
2018-12-05T09:53:28.978515Z 0 [ERROR] Cannot open Windows EventLog; check privileges, or start server with --log_syslog=0
2018-12-05T09:53:28.978515Z 0 [Note] C:\laragon\bin\mysql\mysql-5.7.19-winx64\bin\mysqld (mysqld 5.7.19) starting as process 15172 ...
2018-12-06T09:48:47.870619Z 0 [Warning] Insecure configuration for --secure-file-priv: Current value does not restrict location of generated files. Consider setting it to a valid, non-empty path.
2018-12-06T09:48:47.901867Z 0 [ERROR] Cannot open Windows EventLog; check privileges, or start server with --log_syslog=0
2018-12-06T09:48:47.901867Z 0 [Note] C:\laragon\bin\mysql\mysql-5.7.19-winx64\bin\mysqld (mysqld 5.7.19) starting as process 13688 ...
2018-12-07T09:52:39.540103Z 0 [Warning] Insecure configuration for --secure-file-priv: Current value does not restrict location of generated files. Consider setting it to a valid, non-empty path.
2018-12-07T09:52:39.571354Z 0 [ERROR] Cannot open Windows EventLog; check privileges, or start server with --log_syslog=0
2018-12-07T09:52:39.571354Z 0 [Note] C:\laragon\bin\mysql\mysql-5.7.19-winx64\bin\mysqld (mysqld 5.7.19) starting as process 604 ...
2018-12-07T12:14:38.244165Z 0 [Warning] Insecure configuration for --secure-file-priv: Current value does not restrict location of generated files. Consider setting it to a valid, non-empty path.
2018-12-07T12:14:38.291063Z 0 [ERROR] Cannot open Windows EventLog; check privileges, or start server with --log_syslog=0
2018-12-07T12:14:38.291063Z 0 [Note] C:\laragon\bin\mysql\mysql-5.7.19-winx64\bin\mysqld (mysqld 5.7.19) starting as process 524 ...
2018-12-07T14:58:58.619267Z 0 [Warning] Insecure configuration for --secure-file-priv: Current value does not restrict location of generated files. Consider setting it to a valid, non-empty path.
2018-12-07T14:58:58.619267Z 0 [ERROR] Cannot open Windows EventLog; check privileges, or start server with --log_syslog=0
2018-12-07T14:58:58.619267Z 0 [Note] C:\laragon\bin\mysql\mysql-5.7.19-winx64\bin\mysqld (mysqld 5.7.19) starting as process 3836 ...
2018-12-10T09:47:05.495545Z 0 [Warning] Insecure configuration for --secure-file-priv: Current value does not restrict location of generated files. Consider setting it to a valid, non-empty path.
2018-12-10T09:47:05.495545Z 0 [ERROR] Cannot open Windows EventLog; check privileges, or start server with --log_syslog=0
2018-12-10T09:47:05.495545Z 0 [Note] C:\laragon\bin\mysql\mysql-5.7.19-winx64\bin\mysqld (mysqld 5.7.19) starting as process 4668 ...
2018-12-11T09:53:29.728920Z 0 [Warning] Insecure configuration for --secure-file-priv: Current value does not restrict location of generated files. Consider setting it to a valid, non-empty path.
2018-12-11T09:53:29.744563Z 0 [ERROR] Cannot open Windows EventLog; check privileges, or start server with --log_syslog=0
2018-12-11T09:53:29.744563Z 0 [Note] C:\laragon\bin\mysql\mysql-5.7.19-winx64\bin\mysqld (mysqld 5.7.19) starting as process 13136 ...
2018-12-12T09:47:31.708795Z 0 [Warning] Insecure configuration for --secure-file-priv: Current value does not restrict location of generated files. Consider setting it to a valid, non-empty path.
2018-12-12T09:47:31.755691Z 0 [ERROR] Cannot open Windows EventLog; check privileges, or start server with --log_syslog=0
2018-12-12T09:47:31.755691Z 0 [Note] C:\laragon\bin\mysql\mysql-5.7.19-winx64\bin\mysqld (mysqld 5.7.19) starting as process 7112 ...
2018-12-13T09:47:35.211402Z 0 [Warning] Insecure configuration for --secure-file-priv: Current value does not restrict location of generated files. Consider setting it to a valid, non-empty path.
2018-12-13T09:47:35.227028Z 0 [ERROR] Cannot open Windows EventLog; check privileges, or start server with --log_syslog=0
2018-12-13T09:47:35.227028Z 0 [Note] C:\laragon\bin\mysql\mysql-5.7.19-winx64\bin\mysqld (mysqld 5.7.19) starting as process 10872 ...
2018-12-14T09:41:26.085417Z 0 [Warning] Insecure configuration for --secure-file-priv: Current value does not restrict location of generated files. Consider setting it to a valid, non-empty path.
2018-12-14T09:41:26.101082Z 0 [ERROR] Cannot open Windows EventLog; check privileges, or start server with --log_syslog=0
2018-12-14T09:41:26.101082Z 0 [Note] C:\laragon\bin\mysql\mysql-5.7.19-winx64\bin\mysqld (mysqld 5.7.19) starting as process 16064 ...
2018-12-17T10:00:15.180752Z 0 [Warning] Insecure configuration for --secure-file-priv: Current value does not restrict location of generated files. Consider setting it to a valid, non-empty path.
2018-12-17T10:00:15.180752Z 0 [ERROR] Cannot open Windows EventLog; check privileges, or start server with --log_syslog=0
2018-12-17T10:00:15.180752Z 0 [Note] C:\laragon\bin\mysql\mysql-5.7.19-winx64\bin\mysqld (mysqld 5.7.19) starting as process 5700 ...
2018-12-18T09:49:24.610198Z 0 [Warning] Insecure configuration for --secure-file-priv: Current value does not restrict location of generated files. Consider setting it to a valid, non-empty path.
2018-12-18T09:49:24.766443Z 0 [ERROR] Cannot open Windows EventLog; check privileges, or start server with --log_syslog=0
2018-12-18T09:49:24.766443Z 0 [Note] C:\laragon\bin\mysql\mysql-5.7.19-winx64\bin\mysqld (mysqld 5.7.19) starting as process 12440 ...
2018-12-19T09:54:47.133288Z 0 [Warning] Insecure configuration for --secure-file-priv: Current value does not restrict location of generated files. Consider setting it to a valid, non-empty path.
2018-12-19T09:54:47.195788Z 0 [ERROR] Cannot open Windows EventLog; check privileges, or start server with --log_syslog=0
2018-12-19T09:54:47.195788Z 0 [Note] C:\laragon\bin\mysql\mysql-5.7.19-winx64\bin\mysqld (mysqld 5.7.19) starting as process 7884 ...
2018-12-20T10:04:08.738318Z 0 [Warning] Insecure configuration for --secure-file-priv: Current value does not restrict location of generated files. Consider setting it to a valid, non-empty path.
2018-12-20T10:04:08.769570Z 0 [ERROR] Cannot open Windows EventLog; check privileges, or start server with --log_syslog=0
2018-12-20T10:04:08.769570Z 0 [Note] C:\laragon\bin\mysql\mysql-5.7.19-winx64\bin\mysqld (mysqld 5.7.19) starting as process 7336 ...
2018-12-20T15:11:13.284340Z 0 [Warning] Insecure configuration for --secure-file-priv: Current value does not restrict location of generated files. Consider setting it to a valid, non-empty path.
2018-12-20T15:11:13.284340Z 0 [ERROR] Cannot open Windows EventLog; check privileges, or start server with --log_syslog=0
2018-12-20T15:11:13.284340Z 0 [Note] C:\laragon\bin\mysql\mysql-5.7.19-winx64\bin\mysqld (mysqld 5.7.19) starting as process 3568 ...
2018-12-20T15:24:09.356239Z 0 [Warning] Insecure configuration for --secure-file-priv: Current value does not restrict location of generated files. Consider setting it to a valid, non-empty path.
2018-12-20T15:24:09.365255Z 0 [ERROR] Cannot open Windows EventLog; check privileges, or start server with --log_syslog=0
2018-12-20T15:24:09.365255Z 0 [Note] C:\laragon\bin\mysql\mysql-5.7.19-winx64\bin\mysqld (mysqld 5.7.19) starting as process 8240 ...
2018-12-21T09:27:51.562747Z 0 [Warning] Insecure configuration for --secure-file-priv: Current value does not restrict location of generated files. Consider setting it to a valid, non-empty path.
2018-12-21T09:27:51.562747Z 0 [ERROR] Cannot open Windows EventLog; check privileges, or start server with --log_syslog=0
2018-12-21T09:27:51.562747Z 0 [Note] C:\laragon\bin\mysql\mysql-5.7.19-winx64\bin\mysqld (mysqld 5.7.19) starting as process 6668 ...
2018-12-26T09:39:39.554768Z 0 [Warning] Insecure configuration for --secure-file-priv: Current value does not restrict location of generated files. Consider setting it to a valid, non-empty path.
2018-12-26T09:39:39.711335Z 0 [ERROR] Cannot open Windows EventLog; check privileges, or start server with --log_syslog=0
2018-12-26T09:39:39.711335Z 0 [Note] C:\laragon\bin\mysql\mysql-5.7.19-winx64\bin\mysqld (mysqld 5.7.19) starting as process 4944 ...
2018-12-27T09:50:26.492200Z 0 [Warning] Insecure configuration for --secure-file-priv: Current value does not restrict location of generated files. Consider setting it to a valid, non-empty path.
2018-12-27T09:50:26.507825Z 0 [ERROR] Cannot open Windows EventLog; check privileges, or start server with --log_syslog=0
2018-12-27T09:50:26.507825Z 0 [Note] C:\laragon\bin\mysql\mysql-5.7.19-winx64\bin\mysqld (mysqld 5.7.19) starting as process 2832 ...
2018-12-28T09:57:52.605737Z 0 [Warning] Insecure configuration for --secure-file-priv: Current value does not restrict location of generated files. Consider setting it to a valid, non-empty path.
2018-12-28T09:57:52.605737Z 0 [ERROR] Cannot open Windows EventLog; check privileges, or start server with --log_syslog=0
2018-12-28T09:57:52.605737Z 0 [Note] C:\laragon\bin\mysql\mysql-5.7.19-winx64\bin\mysqld (mysqld 5.7.19) starting as process 3464 ...
2018-12-28T11:20:04.701414Z 0 [Warning] Insecure configuration for --secure-file-priv: Current value does not restrict location of generated files. Consider setting it to a valid, non-empty path.
2018-12-28T11:20:04.703414Z 0 [ERROR] Cannot open Windows EventLog; check privileges, or start server with --log_syslog=0
2018-12-28T11:20:04.703414Z 0 [Note] C:\laragon\bin\mysql\mysql-5.7.19-winx64\bin\mysqld (mysqld 5.7.19) starting as process 10436 ...
2019-01-02T10:08:35.173171Z 0 [Warning] Insecure configuration for --secure-file-priv: Current value does not restrict location of generated files. Consider setting it to a valid, non-empty path.
2019-01-02T10:08:35.173171Z 0 [ERROR] Cannot open Windows EventLog; check privileges, or start server with --log_syslog=0
2019-01-02T10:08:35.173171Z 0 [Note] C:\laragon\bin\mysql\mysql-5.7.19-winx64\bin\mysqld (mysqld 5.7.19) starting as process 3572 ...
2019-01-03T09:58:49.903445Z 0 [Warning] Insecure configuration for --secure-file-priv: Current value does not restrict location of generated files. Consider setting it to a valid, non-empty path.
2019-01-03T09:58:49.903445Z 0 [ERROR] Cannot open Windows EventLog; check privileges, or start server with --log_syslog=0
2019-01-03T09:58:49.903445Z 0 [Note] C:\laragon\bin\mysql\mysql-5.7.19-winx64\bin\mysqld (mysqld 5.7.19) starting as process 9240 ...
2019-01-04T10:01:20.898001Z 0 [Warning] Insecure configuration for --secure-file-priv: Current value does not restrict location of generated files. Consider setting it to a valid, non-empty path.
2019-01-04T10:01:20.913644Z 0 [ERROR] Cannot open Windows EventLog; check privileges, or start server with --log_syslog=0
2019-01-04T10:01:20.913644Z 0 [Note] C:\laragon\bin\mysql\mysql-5.7.19-winx64\bin\mysqld (mysqld 5.7.19) starting as process 5420 ...
2019-01-07T10:08:01.978549Z 0 [Warning] Insecure configuration for --secure-file-priv: Current value does not restrict location of generated files. Consider setting it to a valid, non-empty path.
2019-01-07T10:08:02.041197Z 0 [ERROR] Cannot open Windows EventLog; check privileges, or start server with --log_syslog=0
2019-01-07T10:08:02.041197Z 0 [Note] C:\laragon\bin\mysql\mysql-5.7.19-winx64\bin\mysqld (mysqld 5.7.19) starting as process 1840 ...
2019-01-08T10:00:46.216340Z 0 [Warning] Insecure configuration for --secure-file-priv: Current value does not restrict location of generated files. Consider setting it to a valid, non-empty path.
2019-01-08T10:00:46.216340Z 0 [ERROR] Cannot open Windows EventLog; check privileges, or start server with --log_syslog=0
2019-01-08T10:00:46.216340Z 0 [Note] C:\laragon\bin\mysql\mysql-5.7.19-winx64\bin\mysqld (mysqld 5.7.19) starting as process 6056 ...
2019-01-09T10:08:42.116613Z 0 [Warning] Insecure configuration for --secure-file-priv: Current value does not restrict location of generated files. Consider setting it to a valid, non-empty path.
2019-01-09T10:08:42.141618Z 0 [ERROR] Cannot open Windows EventLog; check privileges, or start server with --log_syslog=0
2019-01-09T10:08:42.141618Z 0 [Note] C:\laragon\bin\mysql\mysql-5.7.19-winx64\bin\mysqld (mysqld 5.7.19) starting as process 2080 ...
2019-01-09T10:09:07.183952Z 0 [Warning] Insecure configuration for --secure-file-priv: Current value does not restrict location of generated files. Consider setting it to a valid, non-empty path.
2019-01-09T10:09:07.184954Z 0 [ERROR] Cannot open Windows EventLog; check privileges, or start server with --log_syslog=0
2019-01-09T10:09:07.184954Z 0 [Note] C:\laragon\bin\mysql\mysql-5.7.19-winx64\bin\mysqld (mysqld 5.7.19) starting as process 10604 ...
2019-01-10T09:48:50.114277Z 0 [Warning] Insecure configuration for --secure-file-priv: Current value does not restrict location of generated files. Consider setting it to a valid, non-empty path.
2019-01-10T09:48:50.145527Z 0 [ERROR] Cannot open Windows EventLog; check privileges, or start server with --log_syslog=0
2019-01-10T09:48:50.145527Z 0 [Note] C:\laragon\bin\mysql\mysql-5.7.19-winx64\bin\mysqld (mysqld 5.7.19) starting as process 264 ...
2019-01-10T15:01:03.746409Z 0 [Warning] Insecure configuration for --secure-file-priv: Current value does not restrict location of generated files. Consider setting it to a valid, non-empty path.
2019-01-10T15:01:03.747408Z 0 [ERROR] Cannot open Windows EventLog; check privileges, or start server with --log_syslog=0
2019-01-10T15:01:03.747408Z 0 [Note] C:\laragon\bin\mysql\mysql-5.7.19-winx64\bin\mysqld (mysqld 5.7.19) starting as process 10864 ...
2019-01-10T15:02:49.033031Z 0 [Warning] Insecure configuration for --secure-file-priv: Current value does not restrict location of generated files. Consider setting it to a valid, non-empty path.
2019-01-10T15:02:49.035029Z 0 [ERROR] Cannot open Windows EventLog; check privileges, or start server with --log_syslog=0
2019-01-10T15:02:49.035029Z 0 [Note] C:\laragon\bin\mysql\mysql-5.7.19-winx64\bin\mysqld (mysqld 5.7.19) starting as process 2148 ...
2019-01-11T09:50:52.454777Z 0 [Warning] Insecure configuration for --secure-file-priv: Current value does not restrict location of generated files. Consider setting it to a valid, non-empty path.
2019-01-11T09:50:52.501653Z 0 [ERROR] Cannot open Windows EventLog; check privileges, or start server with --log_syslog=0
2019-01-11T09:50:52.501653Z 0 [Note] C:\laragon\bin\mysql\mysql-5.7.19-winx64\bin\mysqld (mysqld 5.7.19) starting as process 4772 ...
2019-01-14T10:12:07.620400Z 0 [Warning] Insecure configuration for --secure-file-priv: Current value does not restrict location of generated files. Consider setting it to a valid, non-empty path.
2019-01-14T10:12:07.636064Z 0 [ERROR] Cannot open Windows EventLog; check privileges, or start server with --log_syslog=0
2019-01-14T10:12:07.636064Z 0 [Note] C:\laragon\bin\mysql\mysql-5.7.19-winx64\bin\mysqld (mysqld 5.7.19) starting as process 2884 ...
2019-01-15T09:49:59.652740Z 0 [Warning] Insecure configuration for --secure-file-priv: Current value does not restrict location of generated files. Consider setting it to a valid, non-empty path.
2019-01-15T09:49:59.699665Z 0 [ERROR] Cannot open Windows EventLog; check privileges, or start server with --log_syslog=0
2019-01-15T09:49:59.699665Z 0 [Note] C:\laragon\bin\mysql\mysql-5.7.19-winx64\bin\mysqld (mysqld 5.7.19) starting as process 6472 ...
2019-01-15T11:12:04.234178Z 0 [Warning] Insecure configuration for --secure-file-priv: Current value does not restrict location of generated files. Consider setting it to a valid, non-empty path.
2019-01-15T11:12:04.265427Z 0 [ERROR] Cannot open Windows EventLog; check privileges, or start server with --log_syslog=0
2019-01-15T11:12:04.265427Z 0 [Note] C:\laragon\bin\mysql\mysql-5.7.19-winx64\bin\mysqld (mysqld 5.7.19) starting as process 8116 ...
2019-01-15T12:07:53.788817Z 0 [Warning] Insecure configuration for --secure-file-priv: Current value does not restrict location of generated files. Consider setting it to a valid, non-empty path.
2019-01-15T12:07:53.788817Z 0 [ERROR] Cannot open Windows EventLog; check privileges, or start server with --log_syslog=0
2019-01-15T12:07:53.788817Z 0 [Note] C:\laragon\bin\mysql\mysql-5.7.19-winx64\bin\mysqld (mysqld 5.7.19) starting as process 2504 ...
2019-01-15T13:10:35.168255Z 0 [Warning] Insecure configuration for --secure-file-priv: Current value does not restrict location of generated files. Consider setting it to a valid, non-empty path.
2019-01-15T13:10:35.246383Z 0 [ERROR] Cannot open Windows EventLog; check privileges, or start server with --log_syslog=0
2019-01-15T13:10:35.246383Z 0 [Note] C:\laragon\bin\mysql\mysql-5.7.19-winx64\bin\mysqld (mysqld 5.7.19) starting as process 7092 ...
2019-01-16T10:03:52.390782Z 0 [Warning] Insecure configuration for --secure-file-priv: Current value does not restrict location of generated files. Consider setting it to a valid, non-empty path.
2019-01-16T10:03:52.406413Z 0 [ERROR] Cannot open Windows EventLog; check privileges, or start server with --log_syslog=0
2019-01-16T10:03:52.406413Z 0 [Note] C:\laragon\bin\mysql\mysql-5.7.19-winx64\bin\mysqld (mysqld 5.7.19) starting as process 10420 ...
2019-01-17T10:01:16.682836Z 0 [Warning] Insecure configuration for --secure-file-priv: Current value does not restrict location of generated files. Consider setting it to a valid, non-empty path.
2019-01-17T10:01:16.682836Z 0 [ERROR] Cannot open Windows EventLog; check privileges, or start server with --log_syslog=0
2019-01-17T10:01:16.682836Z 0 [Note] C:\laragon\bin\mysql\mysql-5.7.19-winx64\bin\mysqld (mysqld 5.7.19) starting as process 1672 ...
2019-01-17T11:05:04.469218Z 0 [Warning] Insecure configuration for --secure-file-priv: Current value does not restrict location of generated files. Consider setting it to a valid, non-empty path.
2019-01-17T11:05:04.500470Z 0 [ERROR] Cannot open Windows EventLog; check privileges, or start server with --log_syslog=0
2019-01-17T11:05:04.500470Z 0 [Note] C:\laragon\bin\mysql\mysql-5.7.19-winx64\bin\mysqld (mysqld 5.7.19) starting as process 7352 ...
2019-01-17T15:08:21.908633Z 0 [Warning] Insecure configuration for --secure-file-priv: Current value does not restrict location of generated files. Consider setting it to a valid, non-empty path.
2019-01-17T15:08:21.939868Z 0 [ERROR] Cannot open Windows EventLog; check privileges, or start server with --log_syslog=0
2019-01-17T15:08:21.939868Z 0 [Note] C:\laragon\bin\mysql\mysql-5.7.19-winx64\bin\mysqld (mysqld 5.7.19) starting as process 6040 ...
2019-01-22T14:39:34.612115Z 0 [Warning] Insecure configuration for --secure-file-priv: Current value does not restrict location of generated files. Consider setting it to a valid, non-empty path.
2019-01-22T14:39:34.613614Z 0 [ERROR] Cannot open Windows EventLog; check privileges, or start server with --log_syslog=0
2019-01-22T14:39:34.613614Z 0 [Note] C:\laragon\bin\mysql\mysql-5.7.19-winx64\bin\mysqld (mysqld 5.7.19) starting as process 8784 ...
2019-01-23T09:58:59.609616Z 0 [Warning] Insecure configuration for --secure-file-priv: Current value does not restrict location of generated files. Consider setting it to a valid, non-empty path.
2019-01-23T09:58:59.656489Z 0 [ERROR] Cannot open Windows EventLog; check privileges, or start server with --log_syslog=0
2019-01-23T09:58:59.656489Z 0 [Note] C:\laragon\bin\mysql\mysql-5.7.19-winx64\bin\mysqld (mysqld 5.7.19) starting as process 5000 ...
2019-01-24T10:10:38.480147Z 0 [Warning] Insecure configuration for --secure-file-priv: Current value does not restrict location of generated files. Consider setting it to a valid, non-empty path.
2019-01-24T10:10:38.480147Z 0 [ERROR] Cannot open Windows EventLog; check privileges, or start server with --log_syslog=0
2019-01-24T10:10:38.480147Z 0 [Note] C:\laragon\bin\mysql\mysql-5.7.19-winx64\bin\mysqld (mysqld 5.7.19) starting as process 444 ...
2019-01-25T09:44:18.843633Z 0 [Warning] Insecure configuration for --secure-file-priv: Current value does not restrict location of generated files. Consider setting it to a valid, non-empty path.
2019-01-25T09:44:19.491251Z 0 [ERROR] Cannot open Windows EventLog; check privileges, or start server with --log_syslog=0
2019-01-25T09:44:19.491251Z 0 [Note] C:\laragon\bin\mysql\mysql-5.7.19-winx64\bin\mysqld (mysqld 5.7.19) starting as process 8608 ...
2019-01-28T10:10:54.038297Z 0 [Warning] Insecure configuration for --secure-file-priv: Current value does not restrict location of generated files. Consider setting it to a valid, non-empty path.
2019-01-28T10:10:54.038297Z 0 [ERROR] Cannot open Windows EventLog; check privileges, or start server with --log_syslog=0
2019-01-28T10:10:54.038297Z 0 [Note] C:\laragon\bin\mysql\mysql-5.7.19-winx64\bin\mysqld (mysqld 5.7.19) starting as process 6984 ...
2019-01-29T09:58:13.285011Z 0 [Warning] Insecure configuration for --secure-file-priv: Current value does not restrict location of generated files. Consider setting it to a valid, non-empty path.
2019-01-29T09:58:13.363061Z 0 [ERROR] Cannot open Windows EventLog; check privileges, or start server with --log_syslog=0
2019-01-29T09:58:13.363061Z 0 [Note] C:\laragon\bin\mysql\mysql-5.7.19-winx64\bin\mysqld (mysqld 5.7.19) starting as process 6256 ...
2019-01-30T10:12:35.976148Z 0 [Warning] Insecure configuration for --secure-file-priv: Current value does not restrict location of generated files. Consider setting it to a valid, non-empty path.
2019-01-30T10:12:36.054317Z 0 [ERROR] Cannot open Windows EventLog; check privileges, or start server with --log_syslog=0
2019-01-30T10:12:36.054317Z 0 [Note] C:\laragon\bin\mysql\mysql-5.7.19-winx64\bin\mysqld (mysqld 5.7.19) starting as process 9328 ...
2019-01-30T12:24:21.064780Z 0 [Warning] Insecure configuration for --secure-file-priv: Current value does not restrict location of generated files. Consider setting it to a valid, non-empty path.
2019-01-30T12:24:21.158381Z 0 [ERROR] Cannot open Windows EventLog; check privileges, or start server with --log_syslog=0
2019-01-30T12:24:21.158381Z 0 [Note] C:\laragon\bin\mysql\mysql-5.7.19-winx64\bin\mysqld (mysqld 5.7.19) starting as process 5252 ...
2019-01-31T10:00:58.285337Z 0 [Warning] Insecure configuration for --secure-file-priv: Current value does not restrict location of generated files. Consider setting it to a valid, non-empty path.
2019-01-31T10:00:58.285337Z 0 [ERROR] Cannot open Windows EventLog; check privileges, or start server with --log_syslog=0
2019-01-31T10:00:58.285337Z 0 [Note] C:\laragon\bin\mysql\mysql-5.7.19-winx64\bin\mysqld (mysqld 5.7.19) starting as process 4508 ...
2019-02-01T09:57:58.004946Z 0 [Warning] Insecure configuration for --secure-file-priv: Current value does not restrict location of generated files. Consider setting it to a valid, non-empty path.
2019-02-01T09:57:58.067448Z 0 [ERROR] Cannot open Windows EventLog; check privileges, or start server with --log_syslog=0
2019-02-01T09:57:58.067448Z 0 [Note] C:\laragon\bin\mysql\mysql-5.7.19-winx64\bin\mysqld (mysqld 5.7.19) starting as process 2000 ...
2019-02-01T13:09:10.223120Z 0 [Warning] Insecure configuration for --secure-file-priv: Current value does not restrict location of generated files. Consider setting it to a valid, non-empty path.
2019-02-01T13:09:10.285634Z 0 [ERROR] Cannot open Windows EventLog; check privileges, or start server with --log_syslog=0
2019-02-01T13:09:10.285634Z 0 [Note] C:\laragon\bin\mysql\mysql-5.7.19-winx64\bin\mysqld (mysqld 5.7.19) starting as process 5372 ...
2019-02-04T09:54:16.413223Z 0 [Warning] Insecure configuration for --secure-file-priv: Current value does not restrict location of generated files. Consider setting it to a valid, non-empty path.
2019-02-04T09:54:16.475820Z 0 [ERROR] Cannot open Windows EventLog; check privileges, or start server with --log_syslog=0
2019-02-04T09:54:16.475820Z 0 [Note] C:\laragon\bin\mysql\mysql-5.7.19-winx64\bin\mysqld (mysqld 5.7.19) starting as process 2172 ...
2019-02-05T10:07:08.343446Z 0 [Warning] Insecure configuration for --secure-file-priv: Current value does not restrict location of generated files. Consider setting it to a valid, non-empty path.
2019-02-05T10:07:08.547636Z 0 [ERROR] Cannot open Windows EventLog; check privileges, or start server with --log_syslog=0
2019-02-05T10:07:08.547636Z 0 [Note] C:\laragon\bin\mysql\mysql-5.7.19-winx64\bin\mysqld (mysqld 5.7.19) starting as process 5608 ...
2019-02-06T09:56:50.509448Z 0 [Warning] Insecure configuration for --secure-file-priv: Current value does not restrict location of generated files. Consider setting it to a valid, non-empty path.
2019-02-06T09:56:50.540696Z 0 [ERROR] Cannot open Windows EventLog; check privileges, or start server with --log_syslog=0
2019-02-06T09:56:50.540696Z 0 [Note] C:\laragon\bin\mysql\mysql-5.7.19-winx64\bin\mysqld (mysqld 5.7.19) starting as process 9860 ...
2019-02-07T10:08:09.003607Z 0 [Warning] Insecure configuration for --secure-file-priv: Current value does not restrict location of generated files. Consider setting it to a valid, non-empty path.
2019-02-07T10:08:09.003607Z 0 [ERROR] Cannot open Windows EventLog; check privileges, or start server with --log_syslog=0
2019-02-07T10:08:09.003607Z 0 [Note] C:\laragon\bin\mysql\mysql-5.7.19-winx64\bin\mysqld (mysqld 5.7.19) starting as process 4460 ...
2019-02-08T10:07:06.949954Z 0 [Warning] Insecure configuration for --secure-file-priv: Current value does not restrict location of generated files. Consider setting it to a valid, non-empty path.
2019-02-08T10:07:06.996916Z 0 [ERROR] Cannot open Windows EventLog; check privileges, or start server with --log_syslog=0
2019-02-08T10:07:06.996916Z 0 [Note] C:\laragon\bin\mysql\mysql-5.7.19-winx64\bin\mysqld (mysqld 5.7.19) starting as process 5472 ...
2019-02-11T09:55:57.743793Z 0 [Warning] Insecure configuration for --secure-file-priv: Current value does not restrict location of generated files. Consider setting it to a valid, non-empty path.
2019-02-11T09:55:57.806380Z 0 [ERROR] Cannot open Windows EventLog; check privileges, or start server with --log_syslog=0
2019-02-11T09:55:57.806380Z 0 [Note] C:\laragon\bin\mysql\mysql-5.7.19-winx64\bin\mysqld (mysqld 5.7.19) starting as process 4476 ...
2009-92--2T0-12T01:96.89.793570Z 0 [Warniigng] securere configuratn n for---secure-file-priv: Current value doess not retstrict locatioon of ergtedeniles. donsiiles. Consider setting it to a valid, non-empty path.
2
019-02-12TT09:36:19.903580Z 0 [ERROR] Cannot open Windows EventLog; chcheck privileges, o startrt sever r ith --llogs_syog=0
20
19-02-1-129036:19.90.5807Z 0  [Notet]]CC:\laragon\bin\mysql\mysql-5.7.19-winx64\bin\mysqld (m\sqld\mysql\m) start7n.1as pro6ess 4576 ...4
\bin\mysqld (mysqld 5.7.19) starting as process 10368 ...
2019-02-13T09:26:15.587826Z 0 [Warning] Insecure configuration for --secure-file-priv: Current value does not restrict location of generated files. Consider setting it to a valid, non-empty path.
2019-02-13T09:26:15.587826Z 0 [ERROR] Cannot open Windows EventLog; check privileges, or start server with --log_syslog=0
2019-02-13T09:26:15.587826Z 0 [Note] C:\laragon\bin\mysql\mysql-5.7.19-winx64\bin\mysqld (mysqld 5.7.19) starting as process 10592 ...
2019-02-14T09:32:07.382823Z 0 [Warning] Insecure configuration for --secure-file-priv: Current value does not restrict location of generated files. Consider setting it to a valid, non-empty path.
2019-02-14T09:32:07.554611Z 0 [ERROR] Cannot open Windows EventLog; check privileges, or start server with --log_syslog=0
2019-02-14T09:32:07.554611Z 0 [Note] C:\laragon\bin\mysql\mysql-5.7.19-winx64\bin\mysqld (mysqld 5.7.19) starting as process 7052 ...
2019-02-15T09:30:55.512182Z 0 [Warning] Insecure configuration for --secure-file-priv: Current value does not restrict location of generated files. Consider setting it to a valid, non-empty path.
2019-02-15T09:30:55.527813Z 0 [ERROR] Cannot open Windows EventLog; check privileges, or start server with --log_syslog=0
2019-02-15T09:30:55.527813Z 0 [Note] C:\laragon\bin\mysql\mysql-5.7.19-winx64\bin\mysqld (mysqld 5.7.19) starting as process 11088 ...
2019-02-18T10:43:55.149914Z 0 [Warning] Insecure configuration for --secure-file-priv: Current value does not restrict location of generated files. Consider setting it to a valid, non-empty path.
2019-02-18T10:43:55.165578Z 0 [ERROR] Cannot open Windows EventLog; check privileges, or start server with --log_syslog=0
2019-02-18T10:43:55.165578Z 0 [Note] C:\laragon\bin\mysql\mysql-5.7.19-winx64\bin\mysqld (mysqld 5.7.19) starting as process 852 ...
2019-02-18T12:13:51.948842Z 0 [Warning] Insecure configuration for --secure-file-priv: Current value does not restrict location of generated files. Consider setting it to a valid, non-empty path.
2019-02-18T12:13:51.948842Z 0 [ERROR] Cannot open Windows EventLog; check privileges, or start server with --log_syslog=0
2019-02-18T12:13:51.948842Z 0 [Note] C:\laragon\bin\mysql\mysql-5.7.19-winx64\bin\mysqld (mysqld 5.7.19) starting as process 1452 ...
2019-02-18T14:58:15.101906Z 0 [Warning] Insecure configuration for --secure-file-priv: Current value does not restrict location of generated files. Consider setting it to a valid, non-empty path.
2019-02-18T14:58:15.148814Z 0 [ERROR] Cannot open Windows EventLog; check privileges, or start server with --log_syslog=0
2019-02-18T14:58:15.148814Z 0 [Note] C:\laragon\bin\mysql\mysql-5.7.19-winx64\bin\mysqld (mysqld 5.7.19) starting as process 6628 ...
2019-02-19T10:51:42.840407Z 0 [Warning] Insecure configuration for --secure-file-priv: Current value does not restrict location of generated files. Consider setting it to a valid, non-empty path.
2019-02-19T10:51:42.867411Z 0 [ERROR] Cannot open Windows EventLog; check privileges, or start server with --log_syslog=0
2019-02-19T10:51:42.867411Z 0 [Note] C:\laragon\bin\mysql\mysql-5.7.19-winx64\bin\mysqld (mysqld 5.7.19) starting as process 3060 ...
2019-02-20T10:41:28.057862Z 0 [Warning] Insecure configuration for --secure-file-priv: Current value does not restrict location of generated files. Consider setting it to a valid, non-empty path.
2019-02-20T10:41:28.151685Z 0 [ERROR] Cannot open Windows EventLog; check privileges, or start server with --log_syslog=0
2019-02-20T10:41:28.151685Z 0 [Note] C:\laragon\bin\mysql\mysql-5.7.19-winx64\bin\mysqld (mysqld 5.7.19) starting as process 11936 ...
2019-02-21T10:35:25.052050Z 0 [Warning] Insecure configuration for --secure-file-priv: Current value does not restrict location of generated files. Consider setting it to a valid, non-empty path.
2019-02-21T10:35:25.067690Z 0 [ERROR] Cannot open Windows EventLog; check privileges, or start server with --log_syslog=0
2019-02-21T10:35:25.067690Z 0 [Note] C:\laragon\bin\mysql\mysql-5.7.19-winx64\bin\mysqld (mysqld 5.7.19) starting as process 10956 ...
2019-02-22T09:59:06.873451Z 0 [Warning] Insecure configuration for --secure-file-priv: Current value does not restrict location of generated files. Consider setting it to a valid, non-empty path.
2019-02-22T09:59:06.889113Z 0 [ERROR] Cannot open Windows EventLog; check privileges, or start server with --log_syslog=0
2019-02-22T09:59:06.889113Z 0 [Note] C:\laragon\bin\mysql\mysql-5.7.19-winx64\bin\mysqld (mysqld 5.7.19) starting as process 5372 ...
2019-02-25T10:58:20.772809Z 0 [Warning] Insecure configuration for --secure-file-priv: Current value does not restrict location of generated files. Consider setting it to a valid, non-empty path.
2019-02-25T10:58:20.788513Z 0 [ERROR] Cannot open Windows EventLog; check privileges, or start server with --log_syslog=0
2019-02-25T10:58:20.788513Z 0 [Note] C:\laragon\bin\mysql\mysql-5.7.19-winx64\bin\mysqld (mysqld 5.7.19) starting as process 8216 ...
2019-02-25T12:14:41.316494Z 0 [Warning] Insecure configuration for --secure-file-priv: Current value does not restrict location of generated files. Consider setting it to a valid, non-empty path.
2019-02-25T12:14:41.351506Z 0 [ERROR] Cannot open Windows EventLog; check privileges, or start server with --log_syslog=0
2019-02-25T12:14:41.351506Z 0 [Note] C:\laragon\bin\mysql\mysql-5.7.19-winx64\bin\mysqld (mysqld 5.7.19) starting as process 7476 ...
2019-02-25T15:11:59.660986Z 0 [Warning] Insecure configuration for --secure-file-priv: Current value does not restrict location of generated files. Consider setting it to a valid, non-empty path.
2019-02-25T15:11:59.692228Z 0 [ERROR] Cannot open Windows EventLog; check privileges, or start server with --log_syslog=0
2019-02-25T15:11:59.692228Z 0 [Note] C:\laragon\bin\mysql\mysql-5.7.19-winx64\bin\mysqld (mysqld 5.7.19) starting as process 1728 ...
2019-02-25T15:15:33.427268Z 0 [Warning] Insecure configuration for --secure-file-priv: Current value does not restrict location of generated files. Consider setting it to a valid, non-empty path.
2019-02-25T15:15:33.427768Z 0 [ERROR] Cannot open Windows EventLog; check privileges, or start server with --log_syslog=0
2019-02-25T15:15:33.427768Z 0 [Note] C:\laragon\bin\mysql\mysql-5.7.19-winx64\bin\mysqld (mysqld 5.7.19) starting as process 6672 ...
2019-02-26T10:59:34.078954Z 0 [Warning] Insecure configuration for --secure-file-priv: Current value does not restrict location of generated files. Consider setting it to a valid, non-empty path.
2019-02-26T10:59:34.094560Z 0 [ERROR] Cannot open Windows EventLog; check privileges, or start server with --log_syslog=0
2019-02-26T10:59:34.094560Z 0 [Note] C:\laragon\bin\mysql\mysql-5.7.19-winx64\bin\mysqld (mysqld 5.7.19) starting as process 7896 ...
2019-02-27T11:02:01.410144Z 0 [Warning] Insecure configuration for --secure-file-priv: Current value does not restrict location of generated files. Consider setting it to a valid, non-empty path.
2019-02-27T11:02:01.441435Z 0 [ERROR] Cannot open Windows EventLog; check privileges, or start server with --log_syslog=0
2019-02-27T11:02:01.441435Z 0 [Note] C:\laragon\bin\mysql\mysql-5.7.19-winx64\bin\mysqld (mysqld 5.7.19) starting as process 12100 ...
2019-02-28T10:40:24.633678Z 0 [Warning] Insecure configuration for --secure-file-priv: Current value does not restrict location of generated files. Consider setting it to a valid, non-empty path.
2019-02-28T10:40:24.633678Z 0 [ERROR] Cannot open Windows EventLog; check privileges, or start server with --log_syslog=0
2019-02-28T10:40:24.633678Z 0 [Note] C:\laragon\bin\mysql\mysql-5.7.19-winx64\bin\mysqld (mysqld 5.7.19) starting as process 8696 ...
2019-02-28T14:33:59.824072Z 0 [Warning] Insecure configuration for --secure-file-priv: Current value does not restrict location of generated files. Consider setting it to a valid, non-empty path.
2019-02-28T14:33:59.825072Z 0 [ERROR] Cannot open Windows EventLog; check privileges, or start server with --log_syslog=0
2019-02-28T14:33:59.825072Z 0 [Note] C:\laragon\bin\mysql\mysql-5.7.19-winx64\bin\mysqld (mysqld 5.7.19) starting as process 11976 ...
2019-02-28T14:34:17.851119Z 0 [Warning] Insecure configuration for --secure-file-priv: Current value does not restrict location of generated files. Consider setting it to a valid, non-empty path.
2019-02-28T14:34:17.851119Z 0 [ERROR] Cannot open Windows EventLog; check privileges, or start server with --log_syslog=0
2019-02-28T14:34:17.851119Z 0 [Note] C:\laragon\bin\mysql\mysql-5.7.19-winx64\bin\mysqld (mysqld 5.7.19) starting as process 11896 ...
2019-03-01T10:46:17.089980Z 0 [Warning] Insecure configuration for --secure-file-priv: Current value does not restrict location of generated files. Consider setting it to a valid, non-empty path.
2019-03-01T10:46:17.199122Z 0 [ERROR] Cannot open Windows EventLog; check privileges, or start server with --log_syslog=0
2019-03-01T10:46:17.199122Z 0 [Note] C:\laragon\bin\mysql\mysql-5.7.19-winx64\bin\mysqld (mysqld 5.7.19) starting as process 12016 ...
2019-03-06T14:48:17.934530Z 0 [Warning] Insecure configuration for --secure-file-priv: Current value does not restrict location of generated files. Consider setting it to a valid, non-empty path.
2019-03-06T14:48:17.950216Z 0 [ERROR] Cannot open Windows EventLog; check privileges, or start server with --log_syslog=0
2019-03-06T14:48:17.950216Z 0 [Note] C:\laragon\bin\mysql\mysql-5.7.19-winx64\bin\mysqld (mysqld 5.7.19) starting as process 11484 ...
2019-03-07T10:48:50.491808Z 0 [Warning] Insecure configuration for --secure-file-priv: Current value does not restrict location of generated files. Consider setting it to a valid, non-empty path.
2019-03-07T10:48:50.585599Z 0 [ERROR] Cannot open Windows EventLog; check privileges, or start server with --log_syslog=0
2019-03-07T10:48:50.585599Z 0 [Note] C:\laragon\bin\mysql\mysql-5.7.19-winx64\bin\mysqld (mysqld 5.7.19) starting as process 7868 ...
2019-03-07T16:03:22.436849Z 0 [Warning] Insecure configuration for --secure-file-priv: Current value does not restrict location of generated files. Consider setting it to a valid, non-empty path.
2019-03-07T16:03:22.436849Z 0 [ERROR] Cannot open Windows EventLog; check privileges, or start server with --log_syslog=0
2019-03-07T16:03:22.436849Z 0 [Note] C:\laragon\bin\mysql\mysql-5.7.19-winx64\bin\mysqld (mysqld 5.7.19) starting as process 2256 ...
2019-03-08T10:20:48.531793Z 0 [Warning] Insecure configuration for --secure-file-priv: Current value does not restrict location of generated files. Consider setting it to a valid, non-empty path.
2019-03-08T10:20:48.547440Z 0 [ERROR] Cannot open Windows EventLog; check privileges, or start server with --log_syslog=0
2019-03-08T10:20:48.547440Z 0 [Note] C:\laragon\bin\mysql\mysql-5.7.19-winx64\bin\mysqld (mysqld 5.7.19) starting as process 1084 ...
2019-03-11T10:49:33.022275Z 0 [Warning] Insecure configuration for --secure-file-priv: Current value does not restrict location of generated files. Consider setting it to a valid, non-empty path.
2019-03-11T10:49:33.037909Z 0 [ERROR] Cannot open Windows EventLog; check privileges, or start server with --log_syslog=0
2019-03-11T10:49:33.037909Z 0 [Note] C:\laragon\bin\mysql\mysql-5.7.19-winx64\bin\mysqld (mysqld 5.7.19) starting as process 5732 ...
2019-03-12T10:45:40.463002Z 0 [Warning] Insecure configuration for --secure-file-priv: Current value does not restrict location of generated files. Consider setting it to a valid, non-empty path.
2019-03-12T10:45:40.463002Z 0 [ERROR] Cannot open Windows EventLog; check privileges, or start server with --log_syslog=0
2019-03-12T10:45:40.463002Z 0 [Note] C:\laragon\bin\mysql\mysql-5.7.19-winx64\bin\mysqld (mysqld 5.7.19) starting as process 3120 ...
2019-03-13T10:56:56.914696Z 0 [Warning] Insecure configuration for --secure-file-priv: Current value does not restrict location of generated files. Consider setting it to a valid, non-empty path.
2019-03-13T10:56:56.915696Z 0 [ERROR] Cannot open Windows EventLog; check privileges, or start server with --log_syslog=0
2019-03-13T10:56:56.915696Z 0 [Note] C:\laragon\bin\mysql\mysql-5.7.19-winx64\bin\mysqld (mysqld 5.7.19) starting as process 2964 ...
2019-03-13T10:57:05.555734Z 0 [Warning] Insecure configuration for --secure-file-priv: Current value does not restrict location of generated files. Consider setting it to a valid, non-empty path.
2019-03-13T10:57:05.555734Z 0 [ERROR] Cannot open Windows EventLog; check privileges, or start server with --log_syslog=0
2019-03-13T10:57:05.555734Z 0 [Note] C:\laragon\bin\mysql\mysql-5.7.19-winx64\bin\mysqld (mysqld 5.7.19) starting as process 6100 ...
2019-03-13T10:57:05.582772Z 0 [Note] InnoDB: Mutexes and rw_locks use Windows interlocked functions
2019-03-13T10:57:05.582772Z 0 [Note] InnoDB: Uses event mutexes
2019-03-13T10:57:05.582772Z 0 [Note] InnoDB: _mm_lfence() and _mm_sfence() are used for memory barrier
2019-03-13T10:57:05.584223Z 0 [Note] InnoDB: Compressed tables use zlib 1.2.3
2019-03-13T10:57:05.585229Z 0 [Note] InnoDB: Number of pools: 1
2019-03-13T10:57:05.585729Z 0 [Note] InnoDB: Not using CPU crc32 instructions
2019-03-13T10:57:05.589235Z 0 [Note] InnoDB: Initializing buffer pool, total size = 128M, instances = 1, chunk size = 128M
2019-03-13T10:57:05.598126Z 0 [Note] InnoDB: Completed initialization of buffer pool
2019-03-13T10:57:05.798902Z 0 [Note] InnoDB: Highest supported file format is Barracuda.
2019-03-13T10:57:11.699432Z 0 [Note] InnoDB: Creating shared tablespace for temporary tables
2019-03-13T10:57:11.702935Z 0 [Note] InnoDB: Setting file '.\ibtmp1' size to 12 MB. Physically writing the file full; Please wait ...
2019-03-13T10:57:12.287784Z 0 [Note] InnoDB: File '.\ibtmp1' size is now 12 MB.
2019-03-13T10:57:12.293289Z 0 [Note] InnoDB: 96 redo rollback segment(s) found. 96 redo rollback segment(s) are active.
2019-03-13T10:57:12.294791Z 0 [Note] InnoDB: 32 non-redo rollback segment(s) are active.
2019-03-13T10:57:12.295792Z 0 [Note] InnoDB: Waiting for purge to start
2019-03-13T10:57:12.346856Z 0 [Note] InnoDB: page_cleaner: 1000ms intended loop took 6745ms. The settings might not be optimal. (flushed=0 and evicted=0, during the time.)
2019-03-13T10:57:12.360873Z 0 [Note] InnoDB: 5.7.19 started; log sequence number 75594766
2019-03-13T10:57:12.361874Z 0 [Note] InnoDB: Loading buffer pool(s) from C:\Users\viniciusH.dgi\Documents\GitHub\SEMEL\public\mysql\ib_buffer_pool
2019-03-13T10:57:12.361874Z 0 [Note] Plugin 'FEDERATED' is disabled.
2019-03-13T10:57:12.561606Z 0 [Warning] Failed to set up SSL because of the following SSL library error: SSL context is not usable without certificate and private key
2019-03-13T10:57:12.562607Z 0 [Note] Server hostname (bind-address): '*'; port: 3306
2019-03-13T10:57:12.563606Z 0 [Note] IPv6 is available.
2019-03-13T10:57:12.564108Z 0 [Note]   - '::' resolves to '::';
2019-03-13T10:57:12.564609Z 0 [Note] Server socket created on IP: '::'.
2019-03-13T10:57:12.726341Z 0 [Note] Event Scheduler: Loaded 0 events
2019-03-13T10:57:12.727342Z 0 [Note] C:\laragon\bin\mysql\mysql-5.7.19-winx64\bin\mysqld: ready for connections.
Version: '5.7.19'  socket: ''  port: 3306  MySQL Community Server (GPL)
2019-03-13T10:57:12.728343Z 0 [Note] Executing 'SELECT * FROM INFORMATION_SCHEMA.TABLES;' to get a list of tables using the deprecated partition engine. You may use the startup option '--disable-partition-engine-check' to skip this check. 
2019-03-13T10:57:12.729844Z 0 [Note] Beginning of list of non-natively partitioned tables
2019-03-13T10:57:12.774909Z 0 [Note] InnoDB: Buffer pool(s) load completed at 190313  7:57:12
2019-03-13T10:57:12.798433Z 0 [Note] End of list of non-natively partitioned tables
2019-03-13T10:58:59.212700Z 0 [Warning] Insecure configuration for --secure-file-priv: Current value does not restrict location of generated files. Consider setting it to a valid, non-empty path.
2019-03-13T10:58:59.214201Z 0 [ERROR] Cannot open Windows EventLog; check privileges, or start server with --log_syslog=0
2019-03-13T10:58:59.214201Z 0 [Note] C:\laragon\bin\mysql\mysql-5.7.19-winx64\bin\mysqld (mysqld 5.7.19) starting as process 9936 ...
2019-03-13T12:41:56.940554Z 66 [Note] Access denied for user 'viverbemUser'@'localhost' (using password: YES)
2019-03-13T12:41:56.949578Z 67 [Note] Access denied for user 'viverbemUser'@'localhost' (using password: YES)
2019-03-13T12:42:15.817753Z 68 [Note] Access denied for user 'viverbemUser'@'localhost' (using password: YES)
2019-03-13T12:42:15.824770Z 69 [Note] Access denied for user 'viverbemUser'@'localhost' (using password: YES)
2019-03-13T12:42:38.901172Z 70 [Note] Access denied for user 'viverbemUser'@'localhost' (using password: YES)
2019-03-13T12:42:38.908691Z 71 [Note] Access denied for user 'viverbemUser'@'localhost' (using password: YES)
2019-03-14T10:45:29.988190Z 0 [Warning] Insecure configuration for --secure-file-priv: Current value does not restrict location of generated files. Consider setting it to a valid, non-empty path.
2019-03-14T10:45:30.285075Z 0 [ERROR] Cannot open Windows EventLog; check privileges, or start server with --log_syslog=0
2019-03-14T10:45:30.285075Z 0 [Note] C:\laragon\bin\mysql\mysql-5.7.19-winx64\bin\mysqld (mysqld 5.7.19) starting as process 6020 ...
2019-03-15T10:57:23.880037Z 0 [Warning] Insecure configuration for --secure-file-priv: Current value does not restrict location of generated files. Consider setting it to a valid, non-empty path.
2019-03-15T10:57:23.973700Z 0 [ERROR] Cannot open Windows EventLog; check privileges, or start server with --log_syslog=0
2019-03-15T10:57:23.973700Z 0 [Note] C:\laragon\bin\mysql\mysql-5.7.19-winx64\bin\mysqld (mysqld 5.7.19) starting as process 4572 ...
2019-03-15T10:57:24.020532Z 0 [Warning] Insecure configuration for --secure-file-priv: Current value does not restrict location of generated files. Consider setting it to a valid, non-empty path.
2019-03-15T10:57:24.067363Z 0 [ERROR] Cannot open Windows EventLog; check privileges, or start server with --log_syslog=0
2019-03-15T10:57:24.067363Z 0 [Note] C:\laragon\bin\mysql\mysql-5.7.19-winx64\bin\mysqld (mysqld 5.7.19) starting as process 10772 ...
2019-03-15T10:57:24.176638Z 0 [Warning] Insecure configuration for --secure-file-priv: Current value does not restrict location of generated files. Consider setting it to a valid, non-empty path.
2019-03-15T10:57:24.192247Z 0 [ERROR] Cannot open Windows EventLog; check privileges, or start server with --log_syslog=0
2019-03-15T10:57:24.192247Z 0 [Note] C:\laragon\bin\mysql\mysql-5.7.19-winx64\bin\mysqld (mysqld 5.7.19) starting as process 856 ...
2019-03-15T10:57:24.176638Z 0 [Warning] Insecure configuration for --secure-file-priv: Current value does not restrict location of generated files. Consider setting it to a valid, non-empty path.
2019-03-15T10:57:24.363962Z 0 [ERROR] Cannot open Windows EventLog; check privileges, or start server with --log_syslog=0
2019-03-15T10:57:24.363962Z 0 [Note] C:\laragon\bin\mysql\mysql-5.7.19-winx64\bin\mysqld (mysqld 5.7.19) starting as process 3468 ...
2019-03-15T10:57:24.332742Z 0 [Warning] Insecure configuration for --secure-file-priv: Current value does not restrict location of generated files. Consider setting it to a valid, non-empty path.
2019-03-15T10:57:24.332742Z 0 [ERROR] Cannot open Windows EventLog; check privileges, or start server with --log_syslog=0
2019-03-15T10:57:24.332742Z 0 [Note] C:\laragon\bin\mysql\mysql-5.7.19-winx64\bin\mysqld (mysqld 5.7.19) starting as process 10972 ...
2019-03-15T10:57:24.285913Z 0 [Warning] Insecure configuration for --secure-file-priv: Current value does not restrict location of generated files. Consider setting it to a valid, non-empty path.
2019-03-15T10:57:24.457625Z 0 [ERROR] Cannot open Windows EventLog; check privileges, or start server with --log_syslog=0
2019-03-15T10:57:24.457625Z 0 [Note] C:\laragon\bin\mysql\mysql-5.7.19-winx64\bin\mysqld (mysqld 5.7.19) starting as process 2288 ...
2019-03-15T10:57:24.473236Z 0 [Warning] Insecure configuration for --secure-file-priv: Current value does not restrict location of generated files. Consider setting it to a valid, non-empty path.
2019-03-15T10:57:24.582509Z 0 [ERROR] Cannot open Windows EventLog; check privileges, or start server with --log_syslog=0
2019-03-15T10:57:24.582509Z 0 [Note] C:\laragon\bin\mysql\mysql-5.7.19-winx64\bin\mysqld (mysqld 5.7.19) starting as process 8748 ...
2019-03-15T10:57:24.551288Z 0 [Warning] Insecure configuration for --secure-file-priv: Current value does not restrict location of generated files. Consider setting it to a valid, non-empty path.
2019-03-15T10:57:24.707393Z 0 [ERROR] Cannot open Windows EventLog; check privileges, or start server with --log_syslog=0
2019-03-15T10:57:24.707393Z 0 [Note] C:\laragon\bin\mysql\mysql-5.7.19-winx64\bin\mysqld (mysqld 5.7.19) starting as process 6124 ...
2019-03-18T11:04:58.241907Z 0 [Warning] Insecure configuration for --secure-file-priv: Current value does not restrict location of generated files. Consider setting it to a valid, non-empty path.
2019-03-18T11:05:00.241998Z 0 [ERROR] Cannot open Windows EventLog; check privileges, or start server with --log_syslog=0
2019-03-18T11:05:00.241998Z 0 [Note] C:\laragon\bin\mysql\mysql-5.7.19-winx64\bin\mysqld (mysqld 5.7.19) starting as process 8292 ...
2019-03-19T11:02:18.053095Z 0 [Warning] Insecure configuration for --secure-file-priv: Current value does not restrict location of generated files. Consider setting it to a valid, non-empty path.
2019-03-19T11:02:18.071101Z 0 [ERROR] Cannot open Windows EventLog; check privileges, or start server with --log_syslog=0
2019-03-19T11:02:18.071101Z 0 [Note] C:\laragon\bin\mysql\mysql-5.7.19-winx64\bin\mysqld (mysqld 5.7.19) starting as process 3296 ...
2019-03-20T11:05:08.940280Z 0 [Warning] Insecure configuration for --secure-file-priv: Current value does not restrict location of generated files. Consider setting it to a valid, non-empty path.
2019-03-20T11:05:09.002794Z 0 [ERROR] Cannot open Windows EventLog; check privileges, or start server with --log_syslog=0
2019-03-20T11:05:09.002794Z 0 [Note] C:\laragon\bin\mysql\mysql-5.7.19-winx64\bin\mysqld (mysqld 5.7.19) starting as process 4960 ...
2019-03-21T11:00:33.937540Z 0 [Warning] Insecure configuration for --secure-file-priv: Current value does not restrict location of generated files. Consider setting it to a valid, non-empty path.
2019-03-21T11:00:33.937540Z 0 [ERROR] Cannot open Windows EventLog; check privileges, or start server with --log_syslog=0
2019-03-21T11:00:33.937540Z 0 [Note] C:\laragon\bin\mysql\mysql-5.7.19-winx64\bin\mysqld (mysqld 5.7.19) starting as process 268 ...
2019-03-22T10:41:15.324378Z 0 [Warning] Insecure configuration for --secure-file-priv: Current value does not restrict location of generated files. Consider setting it to a valid, non-empty path.
2019-03-22T10:41:15.641969Z 0 [ERROR] Cannot open Windows EventLog; check privileges, or start server with --log_syslog=0
2019-03-22T10:41:15.641969Z 0 [Note] C:\laragon\bin\mysql\mysql-5.7.19-winx64\bin\mysqld (mysqld 5.7.19) starting as process 11408 ...
2019-03-25T11:02:05.034273Z 0 [Warning] Insecure configuration for --secure-file-priv: Current value does not restrict location of generated files. Consider setting it to a valid, non-empty path.
2019-03-25T11:02:05.034273Z 0 [ERROR] Cannot open Windows EventLog; check privileges, or start server with --log_syslog=0
2019-03-25T11:02:05.034273Z 0 [Note] C:\laragon\bin\mysql\mysql-5.7.19-winx64\bin\mysqld (mysqld 5.7.19) starting as process 12148 ...
2019-03-25T16:55:38.828250Z 0 [Warning] Insecure configuration for --secure-file-priv: Current value does not restrict location of generated files. Consider setting it to a valid, non-empty path.
2019-03-25T16:55:38.906399Z 0 [ERROR] Cannot open Windows EventLog; check privileges, or start server with --log_syslog=0
2019-03-25T16:55:38.906399Z 0 [Note] C:\laragon\bin\mysql\mysql-5.7.19-winx64\bin\mysqld (mysqld 5.7.19) starting as process 6028 ...
2019-03-26T10:58:37.394547Z 0 [Warning] Insecure configuration for --secure-file-priv: Current value does not restrict location of generated files. Consider setting it to a valid, non-empty path.
2019-03-26T10:58:37.410177Z 0 [ERROR] Cannot open Windows EventLog; check privileges, or start server with --log_syslog=0
2019-03-26T10:58:37.410177Z 0 [Note] C:\laragon\bin\mysql\mysql-5.7.19-winx64\bin\mysqld (mysqld 5.7.19) starting as process 4896 ...
2019-03-27T11:07:31.517638Z 0 [Warning] Insecure configuration for --secure-file-priv: Current value does not restrict location of generated files. Consider setting it to a valid, non-empty path.
2019-03-27T11:07:31.517638Z 0 [ERROR] Cannot open Windows EventLog; check privileges, or start server with --log_syslog=0
2019-03-27T11:07:31.517638Z 0 [Note] C:\laragon\bin\mysql\mysql-5.7.19-winx64\bin\mysqld (mysqld 5.7.19) starting as process 9976 ...
2019-03-28T10:59:24.019585Z 0 [Warning] Insecure configuration for --secure-file-priv: Current value does not restrict location of generated files. Consider setting it to a valid, non-empty path.
2019-03-28T10:59:24.019585Z 0 [ERROR] Cannot open Windows EventLog; check privileges, or start server with --log_syslog=0
2019-03-28T10:59:24.019585Z 0 [Note] C:\laragon\bin\mysql\mysql-5.7.19-winx64\bin\mysqld (mysqld 5.7.19) starting as process 5928 ...
2019-03-28T12:23:26.013499Z 0 [Warning] Insecure configuration for --secure-file-priv: Current value does not restrict location of generated files. Consider setting it to a valid, non-empty path.
2019-03-28T12:23:26.029127Z 0 [ERROR] Cannot open Windows EventLog; check privileges, or start server with --log_syslog=0
2019-03-28T12:23:26.029127Z 0 [Note] C:\laragon\bin\mysql\mysql-5.7.19-winx64\bin\mysqld (mysqld 5.7.19) starting as process 2104 ...
2019-03-28T15:03:41.264785Z 0 [Warning] Insecure configuration for --secure-file-priv: Current value does not restrict location of generated files. Consider setting it to a valid, non-empty path.
2019-03-28T15:03:41.264785Z 0 [ERROR] Cannot open Windows EventLog; check privileges, or start server with --log_syslog=0
2019-03-28T15:03:41.264785Z 0 [Note] C:\laragon\bin\mysql\mysql-5.7.19-winx64\bin\mysqld (mysqld 5.7.19) starting as process 6088 ...
2019-03-29T11:05:26.325246Z 0 [Warning] Insecure configuration for --secure-file-priv: Current value does not restrict location of generated files. Consider setting it to a valid, non-empty path.
2019-03-29T11:05:26.466162Z 0 [ERROR] Cannot open Windows EventLog; check privileges, or start server with --log_syslog=0
2019-03-29T11:05:26.466162Z 0 [Note] C:\laragon\bin\mysql\mysql-5.7.19-winx64\bin\mysqld (mysqld 5.7.19) starting as process 8276 ...
2019-04-01T11:10:36.808080Z 0 [Warning] Insecure configuration for --secure-file-priv: Current value does not restrict location of generated files. Consider setting it to a valid, non-empty path.
2019-04-01T11:10:36.823735Z 0 [ERROR] Cannot open Windows EventLog; check privileges, or start server with --log_syslog=0
2019-04-01T11:10:36.823735Z 0 [Note] C:\laragon\bin\mysql\mysql-5.7.19-winx64\bin\mysqld (mysqld 5.7.19) starting as process 6952 ...
2019-04-01T12:01:42.839966Z 0 [Warning] Insecure configuration for --secure-file-priv: Current value does not restrict location of generated files. Consider setting it to a valid, non-empty path.
2019-04-01T12:01:42.946422Z 0 [ERROR] Cannot open Windows EventLog; check privileges, or start server with --log_syslog=0
2019-04-01T12:01:42.946422Z 0 [Note] C:\laragon\bin\mysql\mysql-5.7.19-winx64\bin\mysqld (mysqld 5.7.19) starting as process 1536 ...
2019-04-01T15:27:41.455953Z 0 [Warning] Insecure configuration for --secure-file-priv: Current value does not restrict location of generated files. Consider setting it to a valid, non-empty path.
2019-04-01T15:27:41.674690Z 0 [ERROR] Cannot open Windows EventLog; check privileges, or start server with --log_syslog=0
2019-04-01T15:27:41.674690Z 0 [Note] C:\laragon\bin\mysql\mysql-5.7.19-winx64\bin\mysqld (mysqld 5.7.19) starting as process 7128 ...
2019-04-02T11:01:51.259023Z 0 [Warning] Insecure configuration for --secure-file-priv: Current value does not restrict location of generated files. Consider setting it to a valid, non-empty path.
2019-04-02T11:01:51.274667Z 0 [ERROR] Cannot open Windows EventLog; check privileges, or start server with --log_syslog=0
2019-04-02T11:01:51.274667Z 0 [Note] C:\laragon\bin\mysql\mysql-5.7.19-winx64\bin\mysqld (mysqld 5.7.19) starting as process 7568 ...
2019-04-03T10:47:07.249484Z 0 [Warning] Insecure configuration for --secure-file-priv: Current value does not restrict location of generated files. Consider setting it to a valid, non-empty path.
2019-04-03T10:47:07.265119Z 0 [ERROR] Cannot open Windows EventLog; check privileges, or start server with --log_syslog=0
2019-04-03T10:47:07.265119Z 0 [Note] C:\laragon\bin\mysql\mysql-5.7.19-winx64\bin\mysqld (mysqld 5.7.19) starting as process 3804 ...
2019-04-04T11:01:37.774185Z 0 [Warning] Insecure configuration for --secure-file-priv: Current value does not restrict location of generated files. Consider setting it to a valid, non-empty path.
2019-04-04T11:01:37.789798Z 0 [ERROR] Cannot open Windows EventLog; check privileges, or start server with --log_syslog=0
2019-04-04T11:01:37.789798Z 0 [Note] C:\laragon\bin\mysql\mysql-5.7.19-winx64\bin\mysqld (mysqld 5.7.19) starting as process 8676 ...
2019-04-05T11:48:43.206040Z 0 [Warning] Insecure configuration for --secure-file-priv: Current value does not restrict location of generated files. Consider setting it to a valid, non-empty path.
2019-04-05T11:48:43.462230Z 0 [ERROR] Cannot open Windows EventLog; check privileges, or start server with --log_syslog=0
2019-04-05T11:48:43.462230Z 0 [Note] C:\laragon\bin\mysql\mysql-5.7.19-winx64\bin\mysqld (mysqld 5.7.19) starting as process 2304 ...
2019-04-05T11:52:24.618726Z 0 [Warning] Insecure configuration for --secure-file-priv: Current value does not restrict location of generated files. Consider setting it to a valid, non-empty path.
2019-04-05T11:52:24.618726Z 0 [ERROR] Cannot open Windows EventLog; check privileges, or start server with --log_syslog=0
2019-04-05T11:52:24.618726Z 0 [Note] C:\laragon\bin\mysql\mysql-5.7.19-winx64\bin\mysqld (mysqld 5.7.19) starting as process 5012 ...
2019-04-08T11:10:07.613334Z 0 [Warning] Insecure configuration for --secure-file-priv: Current value does not restrict location of generated files. Consider setting it to a valid, non-empty path.
2019-04-08T11:10:07.707189Z 0 [ERROR] Cannot open Windows EventLog; check privileges, or start server with --log_syslog=0
2019-04-08T11:10:07.707189Z 0 [Note] C:\laragon\bin\mysql\mysql-5.7.19-winx64\bin\mysqld (mysqld 5.7.19) starting as process 9924 ...
2019-04-09T11:06:46.935636Z 0 [Warning] Insecure configuration for --secure-file-priv: Current value does not restrict location of generated files. Consider setting it to a valid, non-empty path.
2019-04-09T11:06:46.936636Z 0 [ERROR] Cannot open Windows EventLog; check privileges, or start server with --log_syslog=0
2019-04-09T11:06:46.936636Z 0 [Note] C:\laragon\bin\mysql\mysql-5.7.19-winx64\bin\mysqld (mysqld 5.7.19) starting as process 6056 ...
2019-04-10T10:57:01.111160Z 0 [Warning] Insecure configuration for --secure-file-priv: Current value does not restrict location of generated files. Consider setting it to a valid, non-empty path.
2019-04-10T10:57:01.126806Z 0 [ERROR] Cannot open Windows EventLog; check privileges, or start server with --log_syslog=0
2019-04-10T10:57:01.126806Z 0 [Note] C:\laragon\bin\mysql\mysql-5.7.19-winx64\bin\mysqld (mysqld 5.7.19) starting as process 10332 ...
2019-04-11T11:16:55.430772Z 0 [Warning] Insecure configuration for --secure-file-priv: Current value does not restrict location of generated files. Consider setting it to a valid, non-empty path.
2019-04-11T11:16:55.430772Z 0 [ERROR] Cannot open Windows EventLog; check privileges, or start server with --log_syslog=0
2019-04-11T11:16:55.430772Z 0 [Note] C:\laragon\bin\mysql\mysql-5.7.19-winx64\bin\mysqld (mysqld 5.7.19) starting as process 5356 ...
2019-04-12T11:11:41.923686Z 0 [Warning] Insecure configuration for --secure-file-priv: Current value does not restrict location of generated files. Consider setting it to a valid, non-empty path.
2019-04-12T11:11:41.925693Z 0 [ERROR] Cannot open Windows EventLog; check privileges, or start server with --log_syslog=0
2019-04-12T11:11:41.925693Z 0 [Note] C:\laragon\bin\mysql\mysql-5.7.19-winx64\bin\mysqld (mysqld 5.7.19) starting as process 5964 ...
2019-04-29T11:03:11.583517Z 0 [Warning] Insecure configuration for --secure-file-priv: Current value does not restrict location of generated files. Consider setting it to a valid, non-empty path.
2019-04-29T11:03:12.317950Z 0 [ERROR] Cannot open Windows EventLog; check privileges, or start server with --log_syslog=0
2019-04-29T11:03:12.317950Z 0 [Note] C:\laragon\bin\mysql\mysql-5.7.19-winx64\bin\mysqld (mysqld 5.7.19) starting as process 5608 ...
2019-04-29T11:16:37.621644Z 0 [Warning] Insecure configuration for --secure-file-priv: Current value does not restrict location of generated files. Consider setting it to a valid, non-empty path.
2019-04-29T11:16:37.621644Z 0 [ERROR] Cannot open Windows EventLog; check privileges, or start server with --log_syslog=0
2019-04-29T11:16:37.621644Z 0 [Note] C:\laragon\bin\mysql\mysql-5.7.19-winx64\bin\mysqld (mysqld 5.7.19) starting as process 7484 ...
2019-04-30T11:10:32.538258Z 0 [Warning] Insecure configuration for --secure-file-priv: Current value does not restrict location of generated files. Consider setting it to a valid, non-empty path.
2019-04-30T11:10:32.662998Z 0 [ERROR] Cannot open Windows EventLog; check privileges, or start server with --log_syslog=0
2019-04-30T11:10:32.662998Z 0 [Note] C:\laragon\bin\mysql\mysql-5.7.19-winx64\bin\mysqld (mysqld 5.7.19) starting as process 10016 ...
2019-05-02T11:02:33.033781Z 0 [Warning] Insecure configuration for --secure-file-priv: Current value does not restrict location of generated files. Consider setting it to a valid, non-empty path.
2019-05-02T11:02:33.065059Z 0 [ERROR] Cannot open Windows EventLog; check privileges, or start server with --log_syslog=0
2019-05-02T11:02:33.065059Z 0 [Note] C:\laragon\bin\mysql\mysql-5.7.19-winx64\bin\mysqld (mysqld 5.7.19) starting as process 2140 ...
2019-05-02T14:26:04.387278Z 0 [Warning] Insecure configuration for --secure-file-priv: Current value does not restrict location of generated files. Consider setting it to a valid, non-empty path.
2019-05-02T14:26:04.389285Z 0 [ERROR] Cannot open Windows EventLog; check privileges, or start server with --log_syslog=0
2019-05-02T14:26:04.389285Z 0 [Note] C:\laragon\bin\mysql\mysql-5.7.19-winx64\bin\mysqld (mysqld 5.7.19) starting as process 7088 ...
2019-05-02T14:30:19.871041Z 0 [Warning] Insecure configuration for --secure-file-priv: Current value does not restrict location of generated files. Consider setting it to a valid, non-empty path.
2019-05-02T14:30:19.872042Z 0 [ERROR] Cannot open Windows EventLog; check privileges, or start server with --log_syslog=0
2019-05-02T14:30:19.872042Z 0 [Note] C:\laragon\bin\mysql\mysql-5.7.19-winx64\bin\mysqld (mysqld 5.7.19) starting as process 680 ...
2019-05-03T10:29:39.694995Z 0 [Warning] Insecure configuration for --secure-file-priv: Current value does not restrict location of generated files. Consider setting it to a valid, non-empty path.
2019-05-03T10:29:39.694995Z 0 [ERROR] Cannot open Windows EventLog; check privileges, or start server with --log_syslog=0
2019-05-03T10:29:39.694995Z 0 [Note] C:\laragon\bin\mysql\mysql-5.7.19-winx64\bin\mysqld (mysqld 5.7.19) starting as process 11228 ...
2019-05-06T11:50:02.840743Z 0 [Warning] Insecure configuration for --secure-file-priv: Current value does not restrict location of generated files. Consider setting it to a valid, non-empty path.
2019-05-06T11:50:02.840743Z 0 [ERROR] Cannot open Windows EventLog; check privileges, or start server with --log_syslog=0
2019-05-06T11:50:02.840743Z 0 [Note] C:\laragon\bin\mysql\mysql-5.7.19-winx64\bin\mysqld (mysqld 5.7.19) starting as process 5204 ...
2019-05-07T11:03:50.540695Z 0 [Warning] Insecure configuration for --secure-file-priv: Current value does not restrict location of generated files. Consider setting it to a valid, non-empty path.
2019-05-07T11:03:50.556338Z 0 [ERROR] Cannot open Windows EventLog; check privileges, or start server with --log_syslog=0
2019-05-07T11:03:50.556338Z 0 [Note] C:\laragon\bin\mysql\mysql-5.7.19-winx64\bin\mysqld (mysqld 5.7.19) starting as process 6560 ...
2019-05-08T11:07:49.075398Z 0 [Warning] Insecure configuration for --secure-file-priv: Current value does not restrict location of generated files. Consider setting it to a valid, non-empty path.
2019-05-08T11:07:49.077397Z 0 [ERROR] Cannot open Windows EventLog; check privileges, or start server with --log_syslog=0
2019-05-08T11:07:49.077397Z 0 [Note] C:\laragon\bin\mysql\mysql-5.7.19-winx64\bin\mysqld (mysqld 5.7.19) starting as process 8764 ...
2019-05-09T11:01:04.834437Z 0 [Warning] Insecure configuration for --secure-file-priv: Current value does not restrict location of generated files. Consider setting it to a valid, non-empty path.
2019-05-09T11:01:04.836443Z 0 [ERROR] Cannot open Windows EventLog; check privileges, or start server with --log_syslog=0
2019-05-09T11:01:04.836443Z 0 [Note] C:\laragon\bin\mysql\mysql-5.7.19-winx64\bin\mysqld (mysqld 5.7.19) starting as process 3744 ...
2019-05-10T10:32:54.083715Z 0 [Warning] Insecure configuration for --secure-file-priv: Current value does not restrict location of generated files. Consider setting it to a valid, non-empty path.
2019-05-10T10:32:54.083715Z 0 [ERROR] Cannot open Windows EventLog; check privileges, or start server with --log_syslog=0
2019-05-10T10:32:54.083715Z 0 [Note] C:\laragon\bin\mysql\mysql-5.7.19-winx64\bin\mysqld (mysqld 5.7.19) starting as process 5096 ...
2019-05-13T11:10:04.622919Z 0 [Warning] Insecure configuration for --secure-file-priv: Current value does not restrict location of generated files. Consider setting it to a valid, non-empty path.
2019-05-13T11:10:05.216605Z 0 [ERROR] Cannot open Windows EventLog; check privileges, or start server with --log_syslog=0
2019-05-13T11:10:05.216605Z 0 [Note] C:\laragon\bin\mysql\mysql-5.7.19-winx64\bin\mysqld (mysqld 5.7.19) starting as process 8980 ...
2019-05-13T14:10:58.427646Z 0 [Warning] Insecure configuration for --secure-file-priv: Current value does not restrict location of generated files. Consider setting it to a valid, non-empty path.
2019-05-13T14:10:58.488683Z 0 [ERROR] Cannot open Windows EventLog; check privileges, or start server with --log_syslog=0
2019-05-13T14:10:58.488683Z 0 [Note] C:\laragon\bin\mysql\mysql-5.7.19-winx64\bin\mysqld (mysqld 5.7.19) starting as process 12012 ...
2019-05-14T11:05:35.344928Z 0 [Warning] Insecure configuration for --secure-file-priv: Current value does not restrict location of generated files. Consider setting it to a valid, non-empty path.
2019-05-14T11:05:35.346930Z 0 [ERROR] Cannot open Windows EventLog; check privileges, or start server with --log_syslog=0
2019-05-14T11:05:35.346930Z 0 [Note] C:\laragon\bin\mysql\mysql-5.7.19-winx64\bin\mysqld (mysqld 5.7.19) starting as process 7268 ...
2019-05-14T13:02:52.686541Z 0 [Warning] Insecure configuration for --secure-file-priv: Current value does not restrict location of generated files. Consider setting it to a valid, non-empty path.
2019-05-14T13:02:52.702174Z 0 [ERROR] Cannot open Windows EventLog; check privileges, or start server with --log_syslog=0
2019-05-14T13:02:52.702174Z 0 [Note] C:\laragon\bin\mysql\mysql-5.7.19-winx64\bin\mysqld (mysqld 5.7.19) starting as process 10104 ...
2019-05-15T10:38:25.249934Z 0 [Warning] Insecure configuration for --secure-file-priv: Current value does not restrict location of generated files. Consider setting it to a valid, non-empty path.
2019-05-15T10:38:25.265558Z 0 [ERROR] Cannot open Windows EventLog; check privileges, or start server with --log_syslog=0
2019-05-15T10:38:25.265558Z 0 [Note] C:\laragon\bin\mysql\mysql-5.7.19-winx64\bin\mysqld (mysqld 5.7.19) starting as process 7244 ...
2019-05-16T10:58:51.276948Z 0 [Warning] Insecure configuration for --secure-file-priv: Current value does not restrict location of generated files. Consider setting it to a valid, non-empty path.
2019-05-16T10:58:51.308250Z 0 [ERROR] Cannot open Windows EventLog; check privileges, or start server with --log_syslog=0
2019-05-16T10:58:51.308250Z 0 [Note] C:\laragon\bin\mysql\mysql-5.7.19-winx64\bin\mysqld (mysqld 5.7.19) starting as process 5256 ...
2019-05-17T10:55:30.797717Z 0 [Warning] Insecure configuration for --secure-file-priv: Current value does not restrict location of generated files. Consider setting it to a valid, non-empty path.
2019-05-17T10:55:30.828953Z 0 [ERROR] Cannot open Windows EventLog; check privileges, or start server with --log_syslog=0
2019-05-17T10:55:30.828953Z 0 [Note] C:\laragon\bin\mysql\mysql-5.7.19-winx64\bin\mysqld (mysqld 5.7.19) starting as process 9188 ...
2019-05-20T11:15:02.072247Z 0 [Warning] Insecure configuration for --secure-file-priv: Current value does not restrict location of generated files. Consider setting it to a valid, non-empty path.
2019-05-20T11:15:02.521609Z 0 [ERROR] Cannot open Windows EventLog; check privileges, or start server with --log_syslog=0
2019-05-20T11:15:02.521609Z 0 [Note] C:\laragon\bin\mysql\mysql-5.7.19-winx64\bin\mysqld (mysqld 5.7.19) starting as process 3508 ...
2019-05-21T11:08:53.346132Z 0 [Warning] Insecure configuration for --secure-file-priv: Current value does not restrict location of generated files. Consider setting it to a valid, non-empty path.
2019-05-21T11:08:53.596242Z 0 [ERROR] Cannot open Windows EventLog; check privileges, or start server with --log_syslog=0
2019-05-21T11:08:53.596242Z 0 [Note] C:\laragon\bin\mysql\mysql-5.7.19-winx64\bin\mysqld (mysqld 5.7.19) starting as process 9316 ...
2019-05-22T11:11:46.335919Z 0 [Warning] Insecure configuration for --secure-file-priv: Current value does not restrict location of generated files. Consider setting it to a valid, non-empty path.
2019-05-22T11:11:46.353937Z 0 [ERROR] Cannot open Windows EventLog; check privileges, or start server with --log_syslog=0
2019-05-22T11:11:46.353937Z 0 [Note] C:\laragon\bin\mysql\mysql-5.7.19-winx64\bin\mysqld (mysqld 5.7.19) starting as process 9360 ...
2019-05-23T11:07:15.992237Z 0 [Warning] Insecure configuration for --secure-file-priv: Current value does not restrict location of generated files. Consider setting it to a valid, non-empty path.
2019-05-23T11:07:16.152994Z 0 [ERROR] Cannot open Windows EventLog; check privileges, or start server with --log_syslog=0
2019-05-23T11:07:16.152994Z 0 [Note] C:\laragon\bin\mysql\mysql-5.7.19-winx64\bin\mysqld (mysqld 5.7.19) starting as process 3268 ...
2019-05-24T10:29:37.307106Z 0 [Warning] Insecure configuration for --secure-file-priv: Current value does not restrict location of generated files. Consider setting it to a valid, non-empty path.
2019-05-24T10:29:37.322740Z 0 [ERROR] Cannot open Windows EventLog; check privileges, or start server with --log_syslog=0
2019-05-24T10:29:37.322740Z 0 [Note] C:\laragon\bin\mysql\mysql-5.7.19-winx64\bin\mysqld (mysqld 5.7.19) starting as process 5900 ...
2019-05-27T11:11:39.688256Z 0 [Warning] Insecure configuration for --secure-file-priv: Current value does not restrict location of generated files. Consider setting it to a valid, non-empty path.
2019-05-27T11:11:39.703891Z 0 [ERROR] Cannot open Windows EventLog; check privileges, or start server with --log_syslog=0
2019-05-27T11:11:39.703891Z 0 [Note] C:\laragon\bin\mysql\mysql-5.7.19-winx64\bin\mysqld (mysqld 5.7.19) starting as process 11772 ...
2019-05-28T11:23:22.380962Z 0 [Warning] Insecure configuration for --secure-file-priv: Current value does not restrict location of generated files. Consider setting it to a valid, non-empty path.
2019-05-28T11:23:22.709095Z 0 [ERROR] Cannot open Windows EventLog; check privileges, or start server with --log_syslog=0
2019-05-28T11:23:22.709095Z 0 [Note] C:\laragon\bin\mysql\mysql-5.7.19-winx64\bin\mysqld (mysqld 5.7.19) starting as process 616 ...
2019-05-29T11:03:08.056961Z 0 [Warning] Insecure configuration for --secure-file-priv: Current value does not restrict location of generated files. Consider setting it to a valid, non-empty path.
2019-05-29T11:03:08.056961Z 0 [ERROR] Cannot open Windows EventLog; check privileges, or start server with --log_syslog=0
2019-05-29T11:03:08.056961Z 0 [Note] C:\laragon\bin\mysql\mysql-5.7.19-winx64\bin\mysqld (mysqld 5.7.19) starting as process 12200 ...
2019-05-30T10:56:15.021688Z 0 [Warning] Insecure configuration for --secure-file-priv: Current value does not restrict location of generated files. Consider setting it to a valid, non-empty path.
2019-05-30T10:56:15.037329Z 0 [ERROR] Cannot open Windows EventLog; check privileges, or start server with --log_syslog=0
2019-05-30T10:56:15.037329Z 0 [Note] C:\laragon\bin\mysql\mysql-5.7.19-winx64\bin\mysqld (mysqld 5.7.19) starting as process 3816 ...
2019-05-31T10:35:51.315243Z 0 [Warning] Insecure configuration for --secure-file-priv: Current value does not restrict location of generated files. Consider setting it to a valid, non-empty path.
2019-05-31T10:35:51.346495Z 0 [ERROR] Cannot open Windows EventLog; check privileges, or start server with --log_syslog=0
2019-05-31T10:35:51.346495Z 0 [Note] C:\laragon\bin\mysql\mysql-5.7.19-winx64\bin\mysqld (mysqld 5.7.19) starting as process 7048 ...
2019-06-03T11:15:12.331952Z 0 [Warning] Insecure configuration for --secure-file-priv: Current value does not restrict location of generated files. Consider setting it to a valid, non-empty path.
2019-06-03T11:15:12.350983Z 0 [ERROR] Cannot open Windows EventLog; check privileges, or start server with --log_syslog=0
2019-06-03T11:15:12.350983Z 0 [Note] C:\laragon\bin\mysql\mysql-5.7.19-winx64\bin\mysqld (mysqld 5.7.19) starting as process 1964 ...
2019-06-04T11:21:36.119860Z 0 [Warning] Insecure configuration for --secure-file-priv: Current value does not restrict location of generated files. Consider setting it to a valid, non-empty path.
2019-06-04T11:21:36.119860Z 0 [ERROR] Cannot open Windows EventLog; check privileges, or start server with --log_syslog=0
2019-06-04T11:21:36.119860Z 0 [Note] C:\laragon\bin\mysql\mysql-5.7.19-winx64\bin\mysqld (mysqld 5.7.19) starting as process 10960 ...
2019-06-05T11:05:26.049526Z 0 [Warning] Insecure configuration for --secure-file-priv: Current value does not restrict location of generated files. Consider setting it to a valid, non-empty path.
2019-06-05T11:05:26.284114Z 0 [ERROR] Cannot open Windows EventLog; check privileges, or start server with --log_syslog=0
2019-06-05T11:05:26.284114Z 0 [Note] C:\laragon\bin\mysql\mysql-5.7.19-winx64\bin\mysqld (mysqld 5.7.19) starting as process 8040 ...
2019-06-06T11:03:52.772063Z 0 [Warning] Insecure configuration for --secure-file-priv: Current value does not restrict location of generated files. Consider setting it to a valid, non-empty path.
2019-06-06T11:03:52.787687Z 0 [ERROR] Cannot open Windows EventLog; check privileges, or start server with --log_syslog=0
2019-06-06T11:03:52.787687Z 0 [Note] C:\laragon\bin\mysql\mysql-5.7.19-winx64\bin\mysqld (mysqld 5.7.19) starting as process 860 ...
2019-06-07T10:53:59.722829Z 0 [Warning] Insecure configuration for --secure-file-priv: Current value does not restrict location of generated files. Consider setting it to a valid, non-empty path.
2019-06-07T10:53:59.722829Z 0 [ERROR] Cannot open Windows EventLog; check privileges, or start server with --log_syslog=0
2019-06-07T10:53:59.722829Z 0 [Note] C:\laragon\bin\mysql\mysql-5.7.19-winx64\bin\mysqld (mysqld 5.7.19) starting as process 6912 ...
2019-06-10T10:57:34.768503Z 0 [Warning] Insecure configuration for --secure-file-priv: Current value does not restrict location of generated files. Consider setting it to a valid, non-empty path.
2019-06-10T10:57:34.780509Z 0 [ERROR] Cannot open Windows EventLog; check privileges, or start server with --log_syslog=0
2019-06-10T10:57:34.780509Z 0 [Note] C:\laragon\bin\mysql\mysql-5.7.19-winx64\bin\mysqld (mysqld 5.7.19) starting as process 5396 ...
2019-06-11T11:05:53.433297Z 0 [Warning] Insecure configuration for --secure-file-priv: Current value does not restrict location of generated files. Consider setting it to a valid, non-empty path.
2019-06-11T11:05:53.570733Z 0 [ERROR] Cannot open Windows EventLog; check privileges, or start server with --log_syslog=0
2019-06-11T11:05:53.570733Z 0 [Note] C:\laragon\bin\mysql\mysql-5.7.19-winx64\bin\mysqld (mysqld 5.7.19) starting as process 1648 ...
2019-06-12T11:06:12.615561Z 0 [Warning] Insecure configuration for --secure-file-priv: Current value does not restrict location of generated files. Consider setting it to a valid, non-empty path.
2019-06-12T11:06:12.748564Z 0 [ERROR] Cannot open Windows EventLog; check privileges, or start server with --log_syslog=0
2019-06-12T11:06:12.748564Z 0 [Note] C:\laragon\bin\mysql\mysql-5.7.19-winx64\bin\mysqld (mysqld 5.7.19) starting as process 11464 ...
2019-06-13T11:11:52.738419Z 0 [Warning] Insecure configuration for --secure-file-priv: Current value does not restrict location of generated files. Consider setting it to a valid, non-empty path.
2019-06-13T11:11:52.883728Z 0 [ERROR] Cannot open Windows EventLog; check privileges, or start server with --log_syslog=0
2019-06-13T11:11:52.883728Z 0 [Note] C:\laragon\bin\mysql\mysql-5.7.19-winx64\bin\mysqld (mysqld 5.7.19) starting as process 12040 ...
2019-06-17T11:21:52.905363Z 0 [Warning] Insecure configuration for --secure-file-priv: Current value does not restrict location of generated files. Consider setting it to a valid, non-empty path.
2019-06-17T11:21:52.905363Z 0 [ERROR] Cannot open Windows EventLog; check privileges, or start server with --log_syslog=0
2019-06-17T11:21:52.905363Z 0 [Note] C:\laragon\bin\mysql\mysql-5.7.19-winx64\bin\mysqld (mysqld 5.7.19) starting as process 2532 ...
2019-06-18T10:57:57.230574Z 0 [Warning] Insecure configuration for --secure-file-priv: Current value does not restrict location of generated files. Consider setting it to a valid, non-empty path.
2019-06-18T10:57:57.449452Z 0 [ERROR] Cannot open Windows EventLog; check privileges, or start server with --log_syslog=0
2019-06-18T10:57:57.449452Z 0 [Note] C:\laragon\bin\mysql\mysql-5.7.19-winx64\bin\mysqld (mysqld 5.7.19) starting as process 8108 ...
2019-06-18T12:14:55.775295Z 0 [Warning] Insecure configuration for --secure-file-priv: Current value does not restrict location of generated files. Consider setting it to a valid, non-empty path.
2019-06-18T12:14:55.855323Z 0 [ERROR] Cannot open Windows EventLog; check privileges, or start server with --log_syslog=0
2019-06-18T12:14:55.855323Z 0 [Note] C:\laragon\bin\mysql\mysql-5.7.19-winx64\bin\mysqld (mysqld 5.7.19) starting as process 10780 ...
2019-06-18T13:19:38.287365Z 0 [Warning] Insecure configuration for --secure-file-priv: Current value does not restrict location of generated files. Consider setting it to a valid, non-empty path.
2019-06-18T13:19:38.334327Z 0 [ERROR] Cannot open Windows EventLog; check privileges, or start server with --log_syslog=0
2019-06-18T13:19:38.334327Z 0 [Note] C:\laragon\bin\mysql\mysql-5.7.19-winx64\bin\mysqld (mysqld 5.7.19) starting as process 9876 ...
2019-06-19T11:08:15.545072Z 0 [Warning] Insecure configuration for --secure-file-priv: Current value does not restrict location of generated files. Consider setting it to a valid, non-empty path.
2019-06-19T11:08:15.631140Z 0 [ERROR] Cannot open Windows EventLog; check privileges, or start server with --log_syslog=0
2019-06-19T11:08:15.631140Z 0 [Note] C:\laragon\bin\mysql\mysql-5.7.19-winx64\bin\mysqld (mysqld 5.7.19) starting as process 9916 ...
